<?xml version="1.0" encoding="UTF-8"?>
<!-- Generated by org.testng.reporters.JUnitXMLReporter -->
<testsuite ignored="0" hostname="DESKTOP-OEE7BVT" failures="0" tests="6" name="Surefire test" time="33.458" errors="0" timestamp="2024-01-06T18:30:53 IST">
  <testcase classname="org.selenium.pom.tests.NavigationTest" name="NavigateFromHomeToStoreUsingMainMenu" time="6.745"/>
  <testcase classname="org.selenium.pom.tests.SearchTest" name="searchWithPartialMatch" time="10.218"/>
  <testcase classname="org.selenium.pom.tests.AddToCartTest" name="addToCartFromStorePage" time="11.119"/>
  <testcase classname="org.selenium.pom.tests.CheckoutTest" name="GuestCheckoutUsingDirectBankTransfer" time="14.642"/>
  <testcase classname="org.selenium.pom.tests.CheckoutTest" name="LoginAndCheckoutUsingDirectBankTransfer" time="18.09"/>
  <testcase classname="org.selenium.pom.tests.LoginTest" name="loginDuringCheckout" time="26.694"/>
</testsuite> <!-- Surefire test -->
