<?xml version="1.0" encoding="UTF-8"?>
<testng-results ignored="0" total="6" passed="6" failed="0" skipped="0">
  <reporter-output>
  </reporter-output>
  <suite started-at="2024-01-06T18:30:20 IST" name="Surefire suite" finished-at="2024-01-06T18:30:53 IST" duration-ms="33458">
    <groups>
    </groups>
    <test started-at="2024-01-06T18:30:20 IST" name="Surefire test" finished-at="2024-01-06T18:30:53 IST" duration-ms="33458">
      <class name="org.selenium.pom.tests.NavigationTest">
        <test-method is-config="true" signature="startDriver(java.lang.String)[pri:0, instance:org.selenium.pom.tests.NavigationTest@290d210d]" started-at="2024-01-06T18:30:20 IST" name="startDriver" finished-at="2024-01-06T18:30:26 IST" duration-ms="5510" status="PASS">
          <params>
            <param index="0">
              <value>
                <![CDATA[CHROME]]>
              </value>
            </param>
          </params>
          <reporter-output>
          </reporter-output>
        </test-method> <!-- startDriver -->
        <test-method signature="NavigateFromHomeToStoreUsingMainMenu()[pri:0, instance:org.selenium.pom.tests.NavigationTest@290d210d]" started-at="2024-01-06T18:30:26 IST" name="NavigateFromHomeToStoreUsingMainMenu" finished-at="2024-01-06T18:30:32 IST" duration-ms="6745" status="PASS">
          <reporter-output>
          </reporter-output>
        </test-method> <!-- NavigateFromHomeToStoreUsingMainMenu -->
        <test-method is-config="true" signature="quitDriver()[pri:0, instance:org.selenium.pom.tests.NavigationTest@290d210d]" started-at="2024-01-06T18:30:32 IST" name="quitDriver" finished-at="2024-01-06T18:30:40 IST" duration-ms="7202" status="PASS">
          <reporter-output>
          </reporter-output>
        </test-method> <!-- quitDriver -->
      </class> <!-- org.selenium.pom.tests.NavigationTest -->
      <class name="org.selenium.pom.tests.CheckoutTest">
        <test-method is-config="true" signature="startDriver(java.lang.String)[pri:0, instance:org.selenium.pom.tests.CheckoutTest@2aa3cd93]" started-at="2024-01-06T18:30:20 IST" name="startDriver" finished-at="2024-01-06T18:30:28 IST" duration-ms="7461" status="PASS">
          <params>
            <param index="0">
              <value>
                <![CDATA[CHROME]]>
              </value>
            </param>
          </params>
          <reporter-output>
          </reporter-output>
        </test-method> <!-- startDriver -->
        <test-method is-config="true" signature="startDriver(java.lang.String)[pri:0, instance:org.selenium.pom.tests.CheckoutTest@2aa3cd93]" started-at="2024-01-06T18:30:20 IST" name="startDriver" finished-at="2024-01-06T18:30:26 IST" duration-ms="6046" status="PASS">
          <params>
            <param index="0">
              <value>
                <![CDATA[CHROME]]>
              </value>
            </param>
          </params>
          <reporter-output>
          </reporter-output>
        </test-method> <!-- startDriver -->
        <test-method signature="GuestCheckoutUsingDirectBankTransfer()[pri:0, instance:org.selenium.pom.tests.CheckoutTest@2aa3cd93]" started-at="2024-01-06T18:30:26 IST" name="GuestCheckoutUsingDirectBankTransfer" finished-at="2024-01-06T18:30:41 IST" duration-ms="14642" status="PASS">
          <reporter-output>
          </reporter-output>
        </test-method> <!-- GuestCheckoutUsingDirectBankTransfer -->
        <test-method signature="LoginAndCheckoutUsingDirectBankTransfer()[pri:0, instance:org.selenium.pom.tests.CheckoutTest@2aa3cd93]" started-at="2024-01-06T18:30:28 IST" name="LoginAndCheckoutUsingDirectBankTransfer" finished-at="2024-01-06T18:30:46 IST" duration-ms="18090" status="PASS">
          <reporter-output>
          </reporter-output>
        </test-method> <!-- LoginAndCheckoutUsingDirectBankTransfer -->
        <test-method is-config="true" signature="quitDriver()[pri:0, instance:org.selenium.pom.tests.CheckoutTest@2aa3cd93]" started-at="2024-01-06T18:30:41 IST" name="quitDriver" finished-at="2024-01-06T18:30:41 IST" duration-ms="137" status="PASS">
          <reporter-output>
          </reporter-output>
        </test-method> <!-- quitDriver -->
        <test-method is-config="true" signature="quitDriver()[pri:0, instance:org.selenium.pom.tests.CheckoutTest@2aa3cd93]" started-at="2024-01-06T18:30:46 IST" name="quitDriver" finished-at="2024-01-06T18:30:46 IST" duration-ms="222" status="PASS">
          <reporter-output>
          </reporter-output>
        </test-method> <!-- quitDriver -->
      </class> <!-- org.selenium.pom.tests.CheckoutTest -->
      <class name="org.selenium.pom.tests.SearchTest">
        <test-method is-config="true" signature="startDriver(java.lang.String)[pri:0, instance:org.selenium.pom.tests.SearchTest@1d76aeea]" started-at="2024-01-06T18:30:20 IST" name="startDriver" finished-at="2024-01-06T18:30:28 IST" duration-ms="7857" status="PASS">
          <params>
            <param index="0">
              <value>
                <![CDATA[CHROME]]>
              </value>
            </param>
          </params>
          <reporter-output>
          </reporter-output>
        </test-method> <!-- startDriver -->
        <test-method signature="searchWithPartialMatch()[pri:0, instance:org.selenium.pom.tests.SearchTest@1d76aeea]" started-at="2024-01-06T18:30:28 IST" name="searchWithPartialMatch" finished-at="2024-01-06T18:30:38 IST" duration-ms="10218" status="PASS">
          <reporter-output>
          </reporter-output>
        </test-method> <!-- searchWithPartialMatch -->
        <test-method is-config="true" signature="quitDriver()[pri:0, instance:org.selenium.pom.tests.SearchTest@1d76aeea]" started-at="2024-01-06T18:30:38 IST" name="quitDriver" finished-at="2024-01-06T18:30:39 IST" duration-ms="1310" status="PASS">
          <reporter-output>
          </reporter-output>
        </test-method> <!-- quitDriver -->
      </class> <!-- org.selenium.pom.tests.SearchTest -->
      <class name="org.selenium.pom.tests.AddToCartTest">
        <test-method is-config="true" signature="startDriver(java.lang.String)[pri:0, instance:org.selenium.pom.tests.AddToCartTest@add0edd]" started-at="2024-01-06T18:30:20 IST" name="startDriver" finished-at="2024-01-06T18:30:28 IST" duration-ms="7461" status="PASS">
          <params>
            <param index="0">
              <value>
                <![CDATA[CHROME]]>
              </value>
            </param>
          </params>
          <reporter-output>
          </reporter-output>
        </test-method> <!-- startDriver -->
        <test-method signature="addToCartFromStorePage()[pri:0, instance:org.selenium.pom.tests.AddToCartTest@add0edd]" started-at="2024-01-06T18:30:28 IST" name="addToCartFromStorePage" finished-at="2024-01-06T18:30:39 IST" duration-ms="11119" status="PASS">
          <reporter-output>
          </reporter-output>
        </test-method> <!-- addToCartFromStorePage -->
        <test-method is-config="true" signature="quitDriver()[pri:0, instance:org.selenium.pom.tests.AddToCartTest@add0edd]" started-at="2024-01-06T18:30:39 IST" name="quitDriver" finished-at="2024-01-06T18:30:39 IST" duration-ms="850" status="PASS">
          <reporter-output>
          </reporter-output>
        </test-method> <!-- quitDriver -->
      </class> <!-- org.selenium.pom.tests.AddToCartTest -->
      <class name="org.selenium.pom.tests.LoginTest">
        <test-method is-config="true" signature="startDriver(java.lang.String)[pri:0, instance:org.selenium.pom.tests.LoginTest@7ea37dbf]" started-at="2024-01-06T18:30:20 IST" name="startDriver" finished-at="2024-01-06T18:30:27 IST" duration-ms="6601" status="PASS">
          <params>
            <param index="0">
              <value>
                <![CDATA[CHROME]]>
              </value>
            </param>
          </params>
          <reporter-output>
          </reporter-output>
        </test-method> <!-- startDriver -->
        <test-method signature="loginDuringCheckout()[pri:0, instance:org.selenium.pom.tests.LoginTest@7ea37dbf]" started-at="2024-01-06T18:30:27 IST" name="loginDuringCheckout" finished-at="2024-01-06T18:30:53 IST" duration-ms="26694" status="PASS">
          <reporter-output>
          </reporter-output>
        </test-method> <!-- loginDuringCheckout -->
        <test-method is-config="true" signature="quitDriver()[pri:0, instance:org.selenium.pom.tests.LoginTest@7ea37dbf]" started-at="2024-01-06T18:30:53 IST" name="quitDriver" finished-at="2024-01-06T18:30:53 IST" duration-ms="131" status="PASS">
          <reporter-output>
          </reporter-output>
        </test-method> <!-- quitDriver -->
      </class> <!-- org.selenium.pom.tests.LoginTest -->
    </test> <!-- Surefire test -->
  </suite> <!-- Surefire suite -->
</testng-results>
